<?xml version="1.0" encoding="UTF-8"?>
<testsuite name="registro en utest" tests="1" skipped="0" failures="1" errors="0" timestamp="2021-02-11T21:53:44" hostname="DESKTOP-28BTK4M" time="84.581">
  <properties/>
  <testcase name="Registro de datos" classname="registro en utest" time="84.581">
    <failure message="java.lang.AssertionError: no such element: Unable to locate element: {&quot;method&quot;:&quot;xpath&quot;,&quot;selector&quot;:&quot;//a[contains(@href, 'https://www.utest.com/welcome?from=signup')]&quot;}&#10;  (Session info: chrome=88.0.4324.150)&#10;For documentation on this error, please visit: https://www.seleniumhq.org/exceptions/no_such_element.html&#10;Build info: version: '3.141.59', revision: 'e82be7d358', time: '2018-11-14T08:17:03'&#10;System info: host: 'DESKTOP-28BTK4M', ip: '192.168.1.19', os.name: 'Windows 10', os.arch: 'amd64', os.version: '10.0', java.version: '1.8.0_281'&#10;Driver info: org.openqa.selenium.chrome.ChromeDriver&#10;Capabilities {acceptInsecureCerts: false, browserName: chrome, browserVersion: 88.0.4324.150, chrome: {chromedriverVersion: 88.0.4324.96 (68dba2d8a0b14..., userDataDir: C:\Users\Usuario\AppData\Lo...}, goog:chromeOptions: {debuggerAddress: localhost:63743}, javascriptEnabled: true, networkConnectionEnabled: false, pageLoadStrategy: normal, platform: WINDOWS, platformName: WINDOWS, proxy: Proxy(), setWindowRect: true, strictFileInteractability: false, timeouts: {implicit: 0, pageLoad: 300000, script: 30000}, unhandledPromptBehavior: dismiss and notify, webauthn:extension:largeBlob: true, webauthn:virtualAuthenticators: true}&#10;Session ID: 999d3ecb1966c5c880e831e77013dd3e&#10;*** Element info: {Using=xpath, value=//a[contains(@href, 'https://www.utest.com/welcome?from=signup')]}" type="java.lang.AssertionError">java.lang.AssertionError: no such element: Unable to locate element: {&quot;method&quot;:&quot;xpath&quot;,&quot;selector&quot;:&quot;//a[contains(@href, 'https://www.utest.com/welcome?from=signup')]&quot;}
  (Session info: chrome=88.0.4324.150)
For documentation on this error, please visit: https://www.seleniumhq.org/exceptions/no_such_element.html
Build info: version: '3.141.59', revision: 'e82be7d358', time: '2018-11-14T08:17:03'
System info: host: 'DESKTOP-28BTK4M', ip: '192.168.1.19', os.name: 'Windows 10', os.arch: 'amd64', os.version: '10.0', java.version: '1.8.0_281'
Driver info: org.openqa.selenium.chrome.ChromeDriver
Capabilities {acceptInsecureCerts: false, browserName: chrome, browserVersion: 88.0.4324.150, chrome: {chromedriverVersion: 88.0.4324.96 (68dba2d8a0b14..., userDataDir: C:\Users\Usuario\AppData\Lo...}, goog:chromeOptions: {debuggerAddress: localhost:63743}, javascriptEnabled: true, networkConnectionEnabled: false, pageLoadStrategy: normal, platform: WINDOWS, platformName: WINDOWS, proxy: Proxy(), setWindowRect: true, strictFileInteractability: false, timeouts: {implicit: 0, pageLoad: 300000, script: 30000}, unhandledPromptBehavior: dismiss and notify, webauthn:extension:largeBlob: true, webauthn:virtualAuthenticators: true}
Session ID: 999d3ecb1966c5c880e831e77013dd3e
*** Element info: {Using=xpath, value=//a[contains(@href, 'https://www.utest.com/welcome?from=signup')]}
	at net.serenitybdd.screenplay.ErrorTally.throwSummaryExceptionFrom(ErrorTally.java:36)
	at net.serenitybdd.screenplay.ErrorTally.reportAnyErrors(ErrorTally.java:30)
	at net.serenitybdd.screenplay.Actor.should(Actor.java:301)
	at co.com.choucair.certification.retoFinal.stepdefinitions.ChoucairAcademyStepDefinitions.registroSusDatosCorrectamente(ChoucairAcademyStepDefinitions.java:34)
	at ✽.registro sus datos https://www.utest.com/welcome?from=signup(src/test/resources/features/academyChoucair.feature:12)
</failure>
  </testcase>
  <system-out><![CDATA[]]></system-out>
  <system-err><![CDATA[[Test worker] WARN net.thucydides.core.steps.BaseStepListener - stepStarted: net.thucydides.core.steps.ExecutedStepDescription@110f5ab3
[Test worker] WARN net.thucydides.core.steps.BaseStepListener - stepStarted: net.thucydides.core.steps.ExecutedStepDescription@36541e1b
[Test worker] WARN net.thucydides.core.steps.BaseStepListener - stepStarted: net.thucydides.core.steps.ExecutedStepDescription@1eb7f1a8
feb 11, 2021 4:53:45 PM org.openqa.selenium.remote.DesiredCapabilities chrome
INFORMACIÓN: Using `new ChromeOptions()` is preferred to `DesiredCapabilities.chrome()`
[Test worker] INFO net.serenitybdd.core.webdriver.driverproviders.ProvideNewDriver - Instantiating driver
[Test worker] INFO net.serenitybdd.core.webdriver.driverproviders.ProvideNewDriver - Driver capabilities: Capabilities {acceptInsecureCerts: false, browserName: chrome, chrome.switches: --start-maximized, goog:chromeOptions: {args: [--start-maximized], extensions: []}, loggingPrefs: org.openqa.selenium.logging..., platform: ANY, version: }
Starting ChromeDriver 88.0.4324.96 (68dba2d8a0b149a1d3afac56fa74648032bcf46b-refs/branch-heads/4324@{#1784}) on port 11126
Only local connections are allowed.
Please see https://chromedriver.chromium.org/security-considerations for suggestions on keeping ChromeDriver safe.
ChromeDriver was started successfully.
feb 11, 2021 4:53:47 PM org.openqa.selenium.remote.ProtocolHandshake createSession
INFORMACIÓN: Detected dialect: W3C
[Test worker] WARN net.thucydides.core.steps.BaseStepListener - stepFinished: current outcome:Registro de datos:Given que un usuario quiere registrar sus datos en utest [User open up [user opens the Utest page]]
[Test worker] WARN net.thucydides.core.steps.BaseStepListener - stepFinished: current outcome:Registro de datos:Given que un usuario quiere registrar sus datos en utest [User open up [user opens the Utest page]]
[Test worker] WARN net.thucydides.core.steps.BaseStepListener - stepStarted: net.thucydides.core.steps.ExecutedStepDescription@2651d651
[Test worker] WARN net.thucydides.core.steps.BaseStepListener - stepStarted: net.thucydides.core.steps.ExecutedStepDescription@7c940491
[Test worker] WARN net.thucydides.core.steps.BaseStepListener - stepFinished: current outcome:Registro de datos:Given que un usuario quiere registrar sus datos en utest [User open up [user opens the Utest page], User boton registro [user clicks on boton que lleva al registro nuevo]]
[Test worker] WARN net.thucydides.core.steps.BaseStepListener - stepFinished: current outcome:Registro de datos:Given que un usuario quiere registrar sus datos en utest [User open up [user opens the Utest page], User boton registro [user clicks on boton que lleva al registro nuevo]]
[Test worker] WARN net.thucydides.core.steps.BaseStepListener - stepFinished: current outcome:Registro de datos:Given que un usuario quiere registrar sus datos en utest [User open up [user opens the Utest page], User boton registro [user clicks on boton que lleva al registro nuevo]]
[Test worker] WARN net.thucydides.core.steps.BaseStepListener - stepStarted: net.thucydides.core.steps.ExecutedStepDescription@481f22b2
[Test worker] WARN net.thucydides.core.steps.BaseStepListener - stepStarted: net.thucydides.core.steps.ExecutedStepDescription@36e9b48f
[Test worker] WARN net.thucydides.core.steps.BaseStepListener - stepStarted: net.thucydides.core.steps.ExecutedStepDescription@5d5b8aa0
[Test worker] WARN net.thucydides.core.steps.BaseStepListener - stepFinished: current outcome:Registro de datos:Given que un usuario quiere registrar sus datos en utest [User open up [user opens the Utest page], User boton registro [user clicks on boton que lleva al registro nuevo]], When el usuario registre sus datos [User registro [user enters 'Camilo' into Donde se escribe el nombre]]
[Test worker] WARN net.thucydides.core.steps.BaseStepListener - stepStarted: net.thucydides.core.steps.ExecutedStepDescription@16698dde
[Test worker] WARN net.thucydides.core.steps.BaseStepListener - stepFinished: current outcome:Registro de datos:Given que un usuario quiere registrar sus datos en utest [User open up [user opens the Utest page], User boton registro [user clicks on boton que lleva al registro nuevo]], When el usuario registre sus datos [User registro [user enters 'Camilo' into Donde se escribe el nombre, user enters 'lopera' into Donde se escribe el apellido]]
[Test worker] WARN net.thucydides.core.steps.BaseStepListener - stepStarted: net.thucydides.core.steps.ExecutedStepDescription@be432ca
[Test worker] WARN net.thucydides.core.steps.BaseStepListener - stepFinished: current outcome:Registro de datos:Given que un usuario quiere registrar sus datos en utest [User open up [user opens the Utest page], User boton registro [user clicks on boton que lleva al registro nuevo]], When el usuario registre sus datos [User registro [user enters 'Camilo' into Donde se escribe el nombre, user enters 'lopera' into Donde se escribe el apellido, user enters 'camilolopera1@gmail.com' into Donde se escribe el correo]]
[Test worker] WARN net.thucydides.core.steps.BaseStepListener - stepStarted: net.thucydides.core.steps.ExecutedStepDescription@5ea8b260
[Test worker] WARN net.thucydides.core.steps.BaseStepListener - stepFinished: current outcome:Registro de datos:Given que un usuario quiere registrar sus datos en utest [User open up [user opens the Utest page], User boton registro [user clicks on boton que lleva al registro nuevo]], When el usuario registre sus datos [User registro [user enters 'Camilo' into Donde se escribe el nombre, user enters 'lopera' into Donde se escribe el apellido, user enters 'camilolopera1@gmail.com' into Donde se escribe el correo, user select August on Donde se selecciona el mes]]
[Test worker] WARN net.thucydides.core.steps.BaseStepListener - stepStarted: net.thucydides.core.steps.ExecutedStepDescription@40e894aa
[Test worker] WARN net.thucydides.core.steps.BaseStepListener - stepFinished: current outcome:Registro de datos:Given que un usuario quiere registrar sus datos en utest [User open up [user opens the Utest page], User boton registro [user clicks on boton que lleva al registro nuevo]], When el usuario registre sus datos [User registro [user enters 'Camilo' into Donde se escribe el nombre, user enters 'lopera' into Donde se escribe el apellido, user enters 'camilolopera1@gmail.com' into Donde se escribe el correo, user select August on Donde se selecciona el mes, user select 29 on Donde se selecciona el dia]]
[Test worker] WARN net.thucydides.core.steps.BaseStepListener - stepStarted: net.thucydides.core.steps.ExecutedStepDescription@22f613bb
[Test worker] WARN net.thucydides.core.steps.BaseStepListener - stepFinished: current outcome:Registro de datos:Given que un usuario quiere registrar sus datos en utest [User open up [user opens the Utest page], User boton registro [user clicks on boton que lleva al registro nuevo]], When el usuario registre sus datos [User registro [user enters 'Camilo' into Donde se escribe el nombre, user enters 'lopera' into Donde se escribe el apellido, user enters 'camilolopera1@gmail.com' into Donde se escribe el correo, user select August on Donde se selecciona el mes, user select 29 on Donde se selecciona el dia, user select 1997 on Donde se selecciona el AÃ‘o]]
[Test worker] WARN net.thucydides.core.steps.BaseStepListener - stepStarted: net.thucydides.core.steps.ExecutedStepDescription@2cddd1ca
[Test worker] WARN net.thucydides.core.steps.BaseStepListener - stepFinished: current outcome:Registro de datos:Given que un usuario quiere registrar sus datos en utest [User open up [user opens the Utest page], User boton registro [user clicks on boton que lleva al registro nuevo]], When el usuario registre sus datos [User registro [user enters 'Camilo' into Donde se escribe el nombre, user enters 'lopera' into Donde se escribe el apellido, user enters 'camilolopera1@gmail.com' into Donde se escribe el correo, user select August on Donde se selecciona el mes, user select 29 on Donde se selecciona el dia, user select 1997 on Donde se selecciona el AÃ‘o, user clicks on Donde se busca el idioma]]
[Test worker] WARN net.thucydides.core.steps.BaseStepListener - stepStarted: net.thucydides.core.steps.ExecutedStepDescription@4d51cdf5
[Test worker] WARN net.thucydides.core.steps.BaseStepListener - stepFinished: current outcome:Registro de datos:Given que un usuario quiere registrar sus datos en utest [User open up [user opens the Utest page], User boton registro [user clicks on boton que lleva al registro nuevo]], When el usuario registre sus datos [User registro [user enters 'Camilo' into Donde se escribe el nombre, user enters 'lopera' into Donde se escribe el apellido, user enters 'camilolopera1@gmail.com' into Donde se escribe el correo, user select August on Donde se selecciona el mes, user select 29 on Donde se selecciona el dia, user select 1997 on Donde se selecciona el AÃ‘o, user clicks on Donde se busca el idioma, user enters 'Spanish' into Donde se busca el idioma]]
[Test worker] WARN net.thucydides.core.steps.BaseStepListener - stepStarted: net.thucydides.core.steps.ExecutedStepDescription@32c6dad3
[Test worker] WARN net.thucydides.core.steps.BaseStepListener - stepFinished: current outcome:Registro de datos:Given que un usuario quiere registrar sus datos en utest [User open up [user opens the Utest page], User boton registro [user clicks on boton que lleva al registro nuevo]], When el usuario registre sus datos [User registro [user enters 'Camilo' into Donde se escribe el nombre, user enters 'lopera' into Donde se escribe el apellido, user enters 'camilolopera1@gmail.com' into Donde se escribe el correo, user select August on Donde se selecciona el mes, user select 29 on Donde se selecciona el dia, user select 1997 on Donde se selecciona el AÃ‘o, user clicks on Donde se busca el idioma, user enters 'Spanish' into Donde se busca el idioma, user clicks on Donde se selecciona el idioma]]
[Test worker] WARN net.thucydides.core.steps.BaseStepListener - stepStarted: net.thucydides.core.steps.ExecutedStepDescription@1d29d593
[Test worker] WARN net.thucydides.core.steps.BaseStepListener - stepFinished: current outcome:Registro de datos:Given que un usuario quiere registrar sus datos en utest [User open up [user opens the Utest page], User boton registro [user clicks on boton que lleva al registro nuevo]], When el usuario registre sus datos [User registro [user enters 'Camilo' into Donde se escribe el nombre, user enters 'lopera' into Donde se escribe el apellido, user enters 'camilolopera1@gmail.com' into Donde se escribe el correo, user select August on Donde se selecciona el mes, user select 29 on Donde se selecciona el dia, user select 1997 on Donde se selecciona el AÃ‘o, user clicks on Donde se busca el idioma, user enters 'Spanish' into Donde se busca el idioma, user clicks on Donde se selecciona el idioma, user clicks on Boton siguiente formulario]]
[Test worker] WARN net.thucydides.core.steps.BaseStepListener - stepStarted: net.thucydides.core.steps.ExecutedStepDescription@a0d6fa3
[Test worker] WARN net.thucydides.core.steps.BaseStepListener - stepFinished: current outcome:Registro de datos:Given que un usuario quiere registrar sus datos en utest [User open up [user opens the Utest page], User boton registro [user clicks on boton que lleva al registro nuevo]], When el usuario registre sus datos [User registro [user enters 'Camilo' into Donde se escribe el nombre, user enters 'lopera' into Donde se escribe el apellido, user enters 'camilolopera1@gmail.com' into Donde se escribe el correo, user select August on Donde se selecciona el mes, user select 29 on Donde se selecciona el dia, user select 1997 on Donde se selecciona el AÃ‘o, user clicks on Donde se busca el idioma, user enters 'Spanish' into Donde se busca el idioma, user clicks on Donde se selecciona el idioma, user clicks on Boton siguiente formulario, user clicks on Donde se selecciona la ciudad]]
[Test worker] WARN net.thucydides.core.steps.BaseStepListener - stepStarted: net.thucydides.core.steps.ExecutedStepDescription@12108c6
[Test worker] WARN net.thucydides.core.steps.BaseStepListener - stepFinished: current outcome:Registro de datos:Given que un usuario quiere registrar sus datos en utest [User open up [user opens the Utest page], User boton registro [user clicks on boton que lleva al registro nuevo]], When el usuario registre sus datos [User registro [user enters 'Camilo' into Donde se escribe el nombre, user enters 'lopera' into Donde se escribe el apellido, user enters 'camilolopera1@gmail.com' into Donde se escribe el correo, user select August on Donde se selecciona el mes, user select 29 on Donde se selecciona el dia, user select 1997 on Donde se selecciona el AÃ‘o, user clicks on Donde se busca el idioma, user enters 'Spanish' into Donde se busca el idioma, user clicks on Donde se selecciona el idioma, user clicks on Boton siguiente formulario, user clicks on Donde se selecciona la ciudad, user enters '050015' into Donde se coloca el codigo postal]]
[Test worker] WARN net.thucydides.core.steps.BaseStepListener - stepStarted: net.thucydides.core.steps.ExecutedStepDescription@30dc2590
[Test worker] WARN net.thucydides.core.steps.BaseStepListener - stepFinished: current outcome:Registro de datos:Given que un usuario quiere registrar sus datos en utest [User open up [user opens the Utest page], User boton registro [user clicks on boton que lleva al registro nuevo]], When el usuario registre sus datos [User registro [user enters 'Camilo' into Donde se escribe el nombre, user enters 'lopera' into Donde se escribe el apellido, user enters 'camilolopera1@gmail.com' into Donde se escribe el correo, user select August on Donde se selecciona el mes, user select 29 on Donde se selecciona el dia, user select 1997 on Donde se selecciona el AÃ‘o, user clicks on Donde se busca el idioma, user enters 'Spanish' into Donde se busca el idioma, user clicks on Donde se selecciona el idioma, user clicks on Boton siguiente formulario, user clicks on Donde se selecciona la ciudad, user enters '050015' into Donde se coloca el codigo postal, user clicks on Donde se coloca el pais]]
[Test worker] WARN net.thucydides.core.steps.BaseStepListener - stepStarted: net.thucydides.core.steps.ExecutedStepDescription@57b1da21
[Test worker] WARN net.thucydides.core.steps.BaseStepListener - stepFinished: current outcome:Registro de datos:Given que un usuario quiere registrar sus datos en utest [User open up [user opens the Utest page], User boton registro [user clicks on boton que lleva al registro nuevo]], When el usuario registre sus datos [User registro [user enters 'Camilo' into Donde se escribe el nombre, user enters 'lopera' into Donde se escribe el apellido, user enters 'camilolopera1@gmail.com' into Donde se escribe el correo, user select August on Donde se selecciona el mes, user select 29 on Donde se selecciona el dia, user select 1997 on Donde se selecciona el AÃ‘o, user clicks on Donde se busca el idioma, user enters 'Spanish' into Donde se busca el idioma, user clicks on Donde se selecciona el idioma, user clicks on Boton siguiente formulario, user clicks on Donde se selecciona la ciudad, user enters '050015' into Donde se coloca el codigo postal, user clicks on Donde se coloca el pais, user enters 'Colombia' into Donde se busca el pais]]
[Test worker] WARN net.thucydides.core.steps.BaseStepListener - stepStarted: net.thucydides.core.steps.ExecutedStepDescription@6ba11462
[Test worker] WARN net.thucydides.core.steps.BaseStepListener - stepFinished: current outcome:Registro de datos:Given que un usuario quiere registrar sus datos en utest [User open up [user opens the Utest page], User boton registro [user clicks on boton que lleva al registro nuevo]], When el usuario registre sus datos [User registro [user enters 'Camilo' into Donde se escribe el nombre, user enters 'lopera' into Donde se escribe el apellido, user enters 'camilolopera1@gmail.com' into Donde se escribe el correo, user select August on Donde se selecciona el mes, user select 29 on Donde se selecciona el dia, user select 1997 on Donde se selecciona el AÃ‘o, user clicks on Donde se busca el idioma, user enters 'Spanish' into Donde se busca el idioma, user clicks on Donde se selecciona el idioma, user clicks on Boton siguiente formulario, user clicks on Donde se selecciona la ciudad, user enters '050015' into Donde se coloca el codigo postal, user clicks on Donde se coloca el pais, user enters 'Colombia' into Donde se busca el pais, user clicks on Donde se selecciona el pais]]
[Test worker] WARN net.thucydides.core.steps.BaseStepListener - stepStarted: net.thucydides.core.steps.ExecutedStepDescription@163d38e8
[Test worker] WARN net.thucydides.core.steps.BaseStepListener - stepFinished: current outcome:Registro de datos:Given que un usuario quiere registrar sus datos en utest [User open up [user opens the Utest page], User boton registro [user clicks on boton que lleva al registro nuevo]], When el usuario registre sus datos [User registro [user enters 'Camilo' into Donde se escribe el nombre, user enters 'lopera' into Donde se escribe el apellido, user enters 'camilolopera1@gmail.com' into Donde se escribe el correo, user select August on Donde se selecciona el mes, user select 29 on Donde se selecciona el dia, user select 1997 on Donde se selecciona el AÃ‘o, user clicks on Donde se busca el idioma, user enters 'Spanish' into Donde se busca el idioma, user clicks on Donde se selecciona el idioma, user clicks on Boton siguiente formulario, user clicks on Donde se selecciona la ciudad, user enters '050015' into Donde se coloca el codigo postal, user clicks on Donde se coloca el pais, user enters 'Colombia' into Donde se busca el pais, user clicks on Donde se selecciona el pais, user clicks on Boton siguiente formulario]]
[Test worker] WARN net.thucydides.core.steps.BaseStepListener - stepStarted: net.thucydides.core.steps.ExecutedStepDescription@7438fce1
[Test worker] WARN net.thucydides.core.steps.BaseStepListener - stepFinished: current outcome:Registro de datos:Given que un usuario quiere registrar sus datos en utest [User open up [user opens the Utest page], User boton registro [user clicks on boton que lleva al registro nuevo]], When el usuario registre sus datos [User registro [user enters 'Camilo' into Donde se escribe el nombre, user enters 'lopera' into Donde se escribe el apellido, user enters 'camilolopera1@gmail.com' into Donde se escribe el correo, user select August on Donde se selecciona el mes, user select 29 on Donde se selecciona el dia, user select 1997 on Donde se selecciona el AÃ‘o, user clicks on Donde se busca el idioma, user enters 'Spanish' into Donde se busca el idioma, user clicks on Donde se selecciona el idioma, user clicks on Boton siguiente formulario, user clicks on Donde se selecciona la ciudad, user enters '050015' into Donde se coloca el codigo postal, user clicks on Donde se coloca el pais, user enters 'Colombia' into Donde se busca el pais, user clicks on Donde se selecciona el pais, user clicks on Boton siguiente formulario, user clicks on Donde se coloca el sistema]]
[Test worker] WARN net.thucydides.core.steps.BaseStepListener - stepStarted: net.thucydides.core.steps.ExecutedStepDescription@e3b5f23
[Test worker] WARN net.thucydides.core.steps.BaseStepListener - stepFinished: current outcome:Registro de datos:Given que un usuario quiere registrar sus datos en utest [User open up [user opens the Utest page], User boton registro [user clicks on boton que lleva al registro nuevo]], When el usuario registre sus datos [User registro [user enters 'Camilo' into Donde se escribe el nombre, user enters 'lopera' into Donde se escribe el apellido, user enters 'camilolopera1@gmail.com' into Donde se escribe el correo, user select August on Donde se selecciona el mes, user select 29 on Donde se selecciona el dia, user select 1997 on Donde se selecciona el AÃ‘o, user clicks on Donde se busca el idioma, user enters 'Spanish' into Donde se busca el idioma, user clicks on Donde se selecciona el idioma, user clicks on Boton siguiente formulario, user clicks on Donde se selecciona la ciudad, user enters '050015' into Donde se coloca el codigo postal, user clicks on Donde se coloca el pais, user enters 'Colombia' into Donde se busca el pais, user clicks on Donde se selecciona el pais, user clicks on Boton siguiente formulario, user clicks on Donde se coloca el sistema, user enters 'Windows' into Donde se busca el sistema]]
[Test worker] WARN net.thucydides.core.steps.BaseStepListener - stepStarted: net.thucydides.core.steps.ExecutedStepDescription@1771ada5
[Test worker] WARN net.thucydides.core.steps.BaseStepListener - stepFinished: current outcome:Registro de datos:Given que un usuario quiere registrar sus datos en utest [User open up [user opens the Utest page], User boton registro [user clicks on boton que lleva al registro nuevo]], When el usuario registre sus datos [User registro [user enters 'Camilo' into Donde se escribe el nombre, user enters 'lopera' into Donde se escribe el apellido, user enters 'camilolopera1@gmail.com' into Donde se escribe el correo, user select August on Donde se selecciona el mes, user select 29 on Donde se selecciona el dia, user select 1997 on Donde se selecciona el AÃ‘o, user clicks on Donde se busca el idioma, user enters 'Spanish' into Donde se busca el idioma, user clicks on Donde se selecciona el idioma, user clicks on Boton siguiente formulario, user clicks on Donde se selecciona la ciudad, user enters '050015' into Donde se coloca el codigo postal, user clicks on Donde se coloca el pais, user enters 'Colombia' into Donde se busca el pais, user clicks on Donde se selecciona el pais, user clicks on Boton siguiente formulario, user clicks on Donde se coloca el sistema, user enters 'Windows' into Donde se busca el sistema, user clicks on Donde se selecciona el sistema]]
[Test worker] WARN net.thucydides.core.steps.BaseStepListener - stepStarted: net.thucydides.core.steps.ExecutedStepDescription@239ec317
[Test worker] WARN net.thucydides.core.steps.BaseStepListener - stepFinished: current outcome:Registro de datos:Given que un usuario quiere registrar sus datos en utest [User open up [user opens the Utest page], User boton registro [user clicks on boton que lleva al registro nuevo]], When el usuario registre sus datos [User registro [user enters 'Camilo' into Donde se escribe el nombre, user enters 'lopera' into Donde se escribe el apellido, user enters 'camilolopera1@gmail.com' into Donde se escribe el correo, user select August on Donde se selecciona el mes, user select 29 on Donde se selecciona el dia, user select 1997 on Donde se selecciona el AÃ‘o, user clicks on Donde se busca el idioma, user enters 'Spanish' into Donde se busca el idioma, user clicks on Donde se selecciona el idioma, user clicks on Boton siguiente formulario, user clicks on Donde se selecciona la ciudad, user enters '050015' into Donde se coloca el codigo postal, user clicks on Donde se coloca el pais, user enters 'Colombia' into Donde se busca el pais, user clicks on Donde se selecciona el pais, user clicks on Boton siguiente formulario, user clicks on Donde se coloca el sistema, user enters 'Windows' into Donde se busca el sistema, user clicks on Donde se selecciona el sistema, user clicks on Donde se coloca la version]]
[Test worker] WARN net.thucydides.core.steps.BaseStepListener - stepStarted: net.thucydides.core.steps.ExecutedStepDescription@40fc1aff
[Test worker] WARN net.thucydides.core.steps.BaseStepListener - stepFinished: current outcome:Registro de datos:Given que un usuario quiere registrar sus datos en utest [User open up [user opens the Utest page], User boton registro [user clicks on boton que lleva al registro nuevo]], When el usuario registre sus datos [User registro [user enters 'Camilo' into Donde se escribe el nombre, user enters 'lopera' into Donde se escribe el apellido, user enters 'camilolopera1@gmail.com' into Donde se escribe el correo, user select August on Donde se selecciona el mes, user select 29 on Donde se selecciona el dia, user select 1997 on Donde se selecciona el AÃ‘o, user clicks on Donde se busca el idioma, user enters 'Spanish' into Donde se busca el idioma, user clicks on Donde se selecciona el idioma, user clicks on Boton siguiente formulario, user clicks on Donde se selecciona la ciudad, user enters '050015' into Donde se coloca el codigo postal, user clicks on Donde se coloca el pais, user enters 'Colombia' into Donde se busca el pais, user clicks on Donde se selecciona el pais, user clicks on Boton siguiente formulario, user clicks on Donde se coloca el sistema, user enters 'Windows' into Donde se busca el sistema, user clicks on Donde se selecciona el sistema, user clicks on Donde se coloca la version, user enters 'Windows 10 Home' into Donde se busca version]]
[Test worker] WARN net.thucydides.core.steps.BaseStepListener - stepStarted: net.thucydides.core.steps.ExecutedStepDescription@4524196d
[Test worker] WARN net.thucydides.core.steps.BaseStepListener - stepFinished: current outcome:Registro de datos:Given que un usuario quiere registrar sus datos en utest [User open up [user opens the Utest page], User boton registro [user clicks on boton que lleva al registro nuevo]], When el usuario registre sus datos [User registro [user enters 'Camilo' into Donde se escribe el nombre, user enters 'lopera' into Donde se escribe el apellido, user enters 'camilolopera1@gmail.com' into Donde se escribe el correo, user select August on Donde se selecciona el mes, user select 29 on Donde se selecciona el dia, user select 1997 on Donde se selecciona el AÃ‘o, user clicks on Donde se busca el idioma, user enters 'Spanish' into Donde se busca el idioma, user clicks on Donde se selecciona el idioma, user clicks on Boton siguiente formulario, user clicks on Donde se selecciona la ciudad, user enters '050015' into Donde se coloca el codigo postal, user clicks on Donde se coloca el pais, user enters 'Colombia' into Donde se busca el pais, user clicks on Donde se selecciona el pais, user clicks on Boton siguiente formulario, user clicks on Donde se coloca el sistema, user enters 'Windows' into Donde se busca el sistema, user clicks on Donde se selecciona el sistema, user clicks on Donde se coloca la version, user enters 'Windows 10 Home' into Donde se busca version, user clicks on Donde se selecciona la version]]
[Test worker] WARN net.thucydides.core.steps.BaseStepListener - stepStarted: net.thucydides.core.steps.ExecutedStepDescription@4125bcf2
[Test worker] WARN net.thucydides.core.steps.BaseStepListener - stepFinished: current outcome:Registro de datos:Given que un usuario quiere registrar sus datos en utest [User open up [user opens the Utest page], User boton registro [user clicks on boton que lleva al registro nuevo]], When el usuario registre sus datos [User registro [user enters 'Camilo' into Donde se escribe el nombre, user enters 'lopera' into Donde se escribe el apellido, user enters 'camilolopera1@gmail.com' into Donde se escribe el correo, user select August on Donde se selecciona el mes, user select 29 on Donde se selecciona el dia, user select 1997 on Donde se selecciona el AÃ‘o, user clicks on Donde se busca el idioma, user enters 'Spanish' into Donde se busca el idioma, user clicks on Donde se selecciona el idioma, user clicks on Boton siguiente formulario, user clicks on Donde se selecciona la ciudad, user enters '050015' into Donde se coloca el codigo postal, user clicks on Donde se coloca el pais, user enters 'Colombia' into Donde se busca el pais, user clicks on Donde se selecciona el pais, user clicks on Boton siguiente formulario, user clicks on Donde se coloca el sistema, user enters 'Windows' into Donde se busca el sistema, user clicks on Donde se selecciona el sistema, user clicks on Donde se coloca la version, user enters 'Windows 10 Home' into Donde se busca version, user clicks on Donde se selecciona la version, user clicks on Donde se coloca el lenguaje]]
[Test worker] WARN net.thucydides.core.steps.BaseStepListener - stepStarted: net.thucydides.core.steps.ExecutedStepDescription@a1045b5
[Test worker] WARN net.thucydides.core.steps.BaseStepListener - stepFinished: current outcome:Registro de datos:Given que un usuario quiere registrar sus datos en utest [User open up [user opens the Utest page], User boton registro [user clicks on boton que lleva al registro nuevo]], When el usuario registre sus datos [User registro [user enters 'Camilo' into Donde se escribe el nombre, user enters 'lopera' into Donde se escribe el apellido, user enters 'camilolopera1@gmail.com' into Donde se escribe el correo, user select August on Donde se selecciona el mes, user select 29 on Donde se selecciona el dia, user select 1997 on Donde se selecciona el AÃ‘o, user clicks on Donde se busca el idioma, user enters 'Spanish' into Donde se busca el idioma, user clicks on Donde se selecciona el idioma, user clicks on Boton siguiente formulario, user clicks on Donde se selecciona la ciudad, user enters '050015' into Donde se coloca el codigo postal, user clicks on Donde se coloca el pais, user enters 'Colombia' into Donde se busca el pais, user clicks on Donde se selecciona el pais, user clicks on Boton siguiente formulario, user clicks on Donde se coloca el sistema, user enters 'Windows' into Donde se busca el sistema, user clicks on Donde se selecciona el sistema, user clicks on Donde se coloca la version, user enters 'Windows 10 Home' into Donde se busca version, user clicks on Donde se selecciona la version, user clicks on Donde se coloca el lenguaje, user enters 'Spanish' into Donde se busca el lenguaje]]
[Test worker] WARN net.thucydides.core.steps.BaseStepListener - stepStarted: net.thucydides.core.steps.ExecutedStepDescription@311d470a
[Test worker] WARN net.thucydides.core.steps.BaseStepListener - stepFinished: current outcome:Registro de datos:Given que un usuario quiere registrar sus datos en utest [User open up [user opens the Utest page], User boton registro [user clicks on boton que lleva al registro nuevo]], When el usuario registre sus datos [User registro [user enters 'Camilo' into Donde se escribe el nombre, user enters 'lopera' into Donde se escribe el apellido, user enters 'camilolopera1@gmail.com' into Donde se escribe el correo, user select August on Donde se selecciona el mes, user select 29 on Donde se selecciona el dia, user select 1997 on Donde se selecciona el AÃ‘o, user clicks on Donde se busca el idioma, user enters 'Spanish' into Donde se busca el idioma, user clicks on Donde se selecciona el idioma, user clicks on Boton siguiente formulario, user clicks on Donde se selecciona la ciudad, user enters '050015' into Donde se coloca el codigo postal, user clicks on Donde se coloca el pais, user enters 'Colombia' into Donde se busca el pais, user clicks on Donde se selecciona el pais, user clicks on Boton siguiente formulario, user clicks on Donde se coloca el sistema, user enters 'Windows' into Donde se busca el sistema, user clicks on Donde se selecciona el sistema, user clicks on Donde se coloca la version, user enters 'Windows 10 Home' into Donde se busca version, user clicks on Donde se selecciona la version, user clicks on Donde se coloca el lenguaje, user enters 'Spanish' into Donde se busca el lenguaje, user clicks on Donde se selecciona el lenguaje]]
[Test worker] WARN net.thucydides.core.steps.BaseStepListener - stepStarted: net.thucydides.core.steps.ExecutedStepDescription@7844be84
[Test worker] WARN net.thucydides.core.steps.BaseStepListener - stepFinished: current outcome:Registro de datos:Given que un usuario quiere registrar sus datos en utest [User open up [user opens the Utest page], User boton registro [user clicks on boton que lleva al registro nuevo]], When el usuario registre sus datos [User registro [user enters 'Camilo' into Donde se escribe el nombre, user enters 'lopera' into Donde se escribe el apellido, user enters 'camilolopera1@gmail.com' into Donde se escribe el correo, user select August on Donde se selecciona el mes, user select 29 on Donde se selecciona el dia, user select 1997 on Donde se selecciona el AÃ‘o, user clicks on Donde se busca el idioma, user enters 'Spanish' into Donde se busca el idioma, user clicks on Donde se selecciona el idioma, user clicks on Boton siguiente formulario, user clicks on Donde se selecciona la ciudad, user enters '050015' into Donde se coloca el codigo postal, user clicks on Donde se coloca el pais, user enters 'Colombia' into Donde se busca el pais, user clicks on Donde se selecciona el pais, user clicks on Boton siguiente formulario, user clicks on Donde se coloca el sistema, user enters 'Windows' into Donde se busca el sistema, user clicks on Donde se selecciona el sistema, user clicks on Donde se coloca la version, user enters 'Windows 10 Home' into Donde se busca version, user clicks on Donde se selecciona la version, user clicks on Donde se coloca el lenguaje, user enters 'Spanish' into Donde se busca el lenguaje, user clicks on Donde se selecciona el lenguaje, user clicks on Donde se coloca el movil]]
[Test worker] WARN net.thucydides.core.steps.BaseStepListener - stepStarted: net.thucydides.core.steps.ExecutedStepDescription@1172b9b5
[Test worker] WARN net.thucydides.core.steps.BaseStepListener - stepFinished: current outcome:Registro de datos:Given que un usuario quiere registrar sus datos en utest [User open up [user opens the Utest page], User boton registro [user clicks on boton que lleva al registro nuevo]], When el usuario registre sus datos [User registro [user enters 'Camilo' into Donde se escribe el nombre, user enters 'lopera' into Donde se escribe el apellido, user enters 'camilolopera1@gmail.com' into Donde se escribe el correo, user select August on Donde se selecciona el mes, user select 29 on Donde se selecciona el dia, user select 1997 on Donde se selecciona el AÃ‘o, user clicks on Donde se busca el idioma, user enters 'Spanish' into Donde se busca el idioma, user clicks on Donde se selecciona el idioma, user clicks on Boton siguiente formulario, user clicks on Donde se selecciona la ciudad, user enters '050015' into Donde se coloca el codigo postal, user clicks on Donde se coloca el pais, user enters 'Colombia' into Donde se busca el pais, user clicks on Donde se selecciona el pais, user clicks on Boton siguiente formulario, user clicks on Donde se coloca el sistema, user enters 'Windows' into Donde se busca el sistema, user clicks on Donde se selecciona el sistema, user clicks on Donde se coloca la version, user enters 'Windows 10 Home' into Donde se busca version, user clicks on Donde se selecciona la version, user clicks on Donde se coloca el lenguaje, user enters 'Spanish' into Donde se busca el lenguaje, user clicks on Donde se selecciona el lenguaje, user clicks on Donde se coloca el movil, user enters 'Xiaomi' into Donde se busca el movil]]
[Test worker] WARN net.thucydides.core.steps.BaseStepListener - stepStarted: net.thucydides.core.steps.ExecutedStepDescription@7cf441e
[Test worker] WARN net.thucydides.core.steps.BaseStepListener - stepFinished: current outcome:Registro de datos:Given que un usuario quiere registrar sus datos en utest [User open up [user opens the Utest page], User boton registro [user clicks on boton que lleva al registro nuevo]], When el usuario registre sus datos [User registro [user enters 'Camilo' into Donde se escribe el nombre, user enters 'lopera' into Donde se escribe el apellido, user enters 'camilolopera1@gmail.com' into Donde se escribe el correo, user select August on Donde se selecciona el mes, user select 29 on Donde se selecciona el dia, user select 1997 on Donde se selecciona el AÃ‘o, user clicks on Donde se busca el idioma, user enters 'Spanish' into Donde se busca el idioma, user clicks on Donde se selecciona el idioma, user clicks on Boton siguiente formulario, user clicks on Donde se selecciona la ciudad, user enters '050015' into Donde se coloca el codigo postal, user clicks on Donde se coloca el pais, user enters 'Colombia' into Donde se busca el pais, user clicks on Donde se selecciona el pais, user clicks on Boton siguiente formulario, user clicks on Donde se coloca el sistema, user enters 'Windows' into Donde se busca el sistema, user clicks on Donde se selecciona el sistema, user clicks on Donde se coloca la version, user enters 'Windows 10 Home' into Donde se busca version, user clicks on Donde se selecciona la version, user clicks on Donde se coloca el lenguaje, user enters 'Spanish' into Donde se busca el lenguaje, user clicks on Donde se selecciona el lenguaje, user clicks on Donde se coloca el movil, user enters 'Xiaomi' into Donde se busca el movil, user clicks on Donde se selecciona el movil]]
[Test worker] WARN net.thucydides.core.steps.BaseStepListener - stepStarted: net.thucydides.core.steps.ExecutedStepDescription@2b37f110
[Test worker] WARN net.thucydides.core.steps.BaseStepListener - stepFinished: current outcome:Registro de datos:Given que un usuario quiere registrar sus datos en utest [User open up [user opens the Utest page], User boton registro [user clicks on boton que lleva al registro nuevo]], When el usuario registre sus datos [User registro [user enters 'Camilo' into Donde se escribe el nombre, user enters 'lopera' into Donde se escribe el apellido, user enters 'camilolopera1@gmail.com' into Donde se escribe el correo, user select August on Donde se selecciona el mes, user select 29 on Donde se selecciona el dia, user select 1997 on Donde se selecciona el AÃ‘o, user clicks on Donde se busca el idioma, user enters 'Spanish' into Donde se busca el idioma, user clicks on Donde se selecciona el idioma, user clicks on Boton siguiente formulario, user clicks on Donde se selecciona la ciudad, user enters '050015' into Donde se coloca el codigo postal, user clicks on Donde se coloca el pais, user enters 'Colombia' into Donde se busca el pais, user clicks on Donde se selecciona el pais, user clicks on Boton siguiente formulario, user clicks on Donde se coloca el sistema, user enters 'Windows' into Donde se busca el sistema, user clicks on Donde se selecciona el sistema, user clicks on Donde se coloca la version, user enters 'Windows 10 Home' into Donde se busca version, user clicks on Donde se selecciona la version, user clicks on Donde se coloca el lenguaje, user enters 'Spanish' into Donde se busca el lenguaje, user clicks on Donde se selecciona el lenguaje, user clicks on Donde se coloca el movil, user enters 'Xiaomi' into Donde se busca el movil, user clicks on Donde se selecciona el movil, user clicks on Donde se coloca el modelo]]
[Test worker] WARN net.thucydides.core.steps.BaseStepListener - stepStarted: net.thucydides.core.steps.ExecutedStepDescription@42b8203f
[Test worker] WARN net.thucydides.core.steps.BaseStepListener - stepFinished: current outcome:Registro de datos:Given que un usuario quiere registrar sus datos en utest [User open up [user opens the Utest page], User boton registro [user clicks on boton que lleva al registro nuevo]], When el usuario registre sus datos [User registro [user enters 'Camilo' into Donde se escribe el nombre, user enters 'lopera' into Donde se escribe el apellido, user enters 'camilolopera1@gmail.com' into Donde se escribe el correo, user select August on Donde se selecciona el mes, user select 29 on Donde se selecciona el dia, user select 1997 on Donde se selecciona el AÃ‘o, user clicks on Donde se busca el idioma, user enters 'Spanish' into Donde se busca el idioma, user clicks on Donde se selecciona el idioma, user clicks on Boton siguiente formulario, user clicks on Donde se selecciona la ciudad, user enters '050015' into Donde se coloca el codigo postal, user clicks on Donde se coloca el pais, user enters 'Colombia' into Donde se busca el pais, user clicks on Donde se selecciona el pais, user clicks on Boton siguiente formulario, user clicks on Donde se coloca el sistema, user enters 'Windows' into Donde se busca el sistema, user clicks on Donde se selecciona el sistema, user clicks on Donde se coloca la version, user enters 'Windows 10 Home' into Donde se busca version, user clicks on Donde se selecciona la version, user clicks on Donde se coloca el lenguaje, user enters 'Spanish' into Donde se busca el lenguaje, user clicks on Donde se selecciona el lenguaje, user clicks on Donde se coloca el movil, user enters 'Xiaomi' into Donde se busca el movil, user clicks on Donde se selecciona el movil, user clicks on Donde se coloca el modelo, user enters 'MI 9T' into Donde se busca el modelo]]
[Test worker] WARN net.thucydides.core.steps.BaseStepListener - stepStarted: net.thucydides.core.steps.ExecutedStepDescription@141875b0
[Test worker] WARN net.thucydides.core.steps.BaseStepListener - stepFinished: current outcome:Registro de datos:Given que un usuario quiere registrar sus datos en utest [User open up [user opens the Utest page], User boton registro [user clicks on boton que lleva al registro nuevo]], When el usuario registre sus datos [User registro [user enters 'Camilo' into Donde se escribe el nombre, user enters 'lopera' into Donde se escribe el apellido, user enters 'camilolopera1@gmail.com' into Donde se escribe el correo, user select August on Donde se selecciona el mes, user select 29 on Donde se selecciona el dia, user select 1997 on Donde se selecciona el AÃ‘o, user clicks on Donde se busca el idioma, user enters 'Spanish' into Donde se busca el idioma, user clicks on Donde se selecciona el idioma, user clicks on Boton siguiente formulario, user clicks on Donde se selecciona la ciudad, user enters '050015' into Donde se coloca el codigo postal, user clicks on Donde se coloca el pais, user enters 'Colombia' into Donde se busca el pais, user clicks on Donde se selecciona el pais, user clicks on Boton siguiente formulario, user clicks on Donde se coloca el sistema, user enters 'Windows' into Donde se busca el sistema, user clicks on Donde se selecciona el sistema, user clicks on Donde se coloca la version, user enters 'Windows 10 Home' into Donde se busca version, user clicks on Donde se selecciona la version, user clicks on Donde se coloca el lenguaje, user enters 'Spanish' into Donde se busca el lenguaje, user clicks on Donde se selecciona el lenguaje, user clicks on Donde se coloca el movil, user enters 'Xiaomi' into Donde se busca el movil, user clicks on Donde se selecciona el movil, user clicks on Donde se coloca el modelo, user enters 'MI 9T' into Donde se busca el modelo, user clicks on Donde se selecciona el modelo]]
[Test worker] WARN net.thucydides.core.steps.BaseStepListener - stepStarted: net.thucydides.core.steps.ExecutedStepDescription@4c8c9083
[Test worker] WARN net.thucydides.core.steps.BaseStepListener - stepFinished: current outcome:Registro de datos:Given que un usuario quiere registrar sus datos en utest [User open up [user opens the Utest page], User boton registro [user clicks on boton que lleva al registro nuevo]], When el usuario registre sus datos [User registro [user enters 'Camilo' into Donde se escribe el nombre, user enters 'lopera' into Donde se escribe el apellido, user enters 'camilolopera1@gmail.com' into Donde se escribe el correo, user select August on Donde se selecciona el mes, user select 29 on Donde se selecciona el dia, user select 1997 on Donde se selecciona el AÃ‘o, user clicks on Donde se busca el idioma, user enters 'Spanish' into Donde se busca el idioma, user clicks on Donde se selecciona el idioma, user clicks on Boton siguiente formulario, user clicks on Donde se selecciona la ciudad, user enters '050015' into Donde se coloca el codigo postal, user clicks on Donde se coloca el pais, user enters 'Colombia' into Donde se busca el pais, user clicks on Donde se selecciona el pais, user clicks on Boton siguiente formulario, user clicks on Donde se coloca el sistema, user enters 'Windows' into Donde se busca el sistema, user clicks on Donde se selecciona el sistema, user clicks on Donde se coloca la version, user enters 'Windows 10 Home' into Donde se busca version, user clicks on Donde se selecciona la version, user clicks on Donde se coloca el lenguaje, user enters 'Spanish' into Donde se busca el lenguaje, user clicks on Donde se selecciona el lenguaje, user clicks on Donde se coloca el movil, user enters 'Xiaomi' into Donde se busca el movil, user clicks on Donde se selecciona el movil, user clicks on Donde se coloca el modelo, user enters 'MI 9T' into Donde se busca el modelo, user clicks on Donde se selecciona el modelo, user clicks on Donde se coloca el sistema]]
[Test worker] WARN net.thucydides.core.steps.BaseStepListener - stepStarted: net.thucydides.core.steps.ExecutedStepDescription@7cabbf60
[Test worker] WARN net.thucydides.core.steps.BaseStepListener - stepFinished: current outcome:Registro de datos:Given que un usuario quiere registrar sus datos en utest [User open up [user opens the Utest page], User boton registro [user clicks on boton que lleva al registro nuevo]], When el usuario registre sus datos [User registro [user enters 'Camilo' into Donde se escribe el nombre, user enters 'lopera' into Donde se escribe el apellido, user enters 'camilolopera1@gmail.com' into Donde se escribe el correo, user select August on Donde se selecciona el mes, user select 29 on Donde se selecciona el dia, user select 1997 on Donde se selecciona el AÃ‘o, user clicks on Donde se busca el idioma, user enters 'Spanish' into Donde se busca el idioma, user clicks on Donde se selecciona el idioma, user clicks on Boton siguiente formulario, user clicks on Donde se selecciona la ciudad, user enters '050015' into Donde se coloca el codigo postal, user clicks on Donde se coloca el pais, user enters 'Colombia' into Donde se busca el pais, user clicks on Donde se selecciona el pais, user clicks on Boton siguiente formulario, user clicks on Donde se coloca el sistema, user enters 'Windows' into Donde se busca el sistema, user clicks on Donde se selecciona el sistema, user clicks on Donde se coloca la version, user enters 'Windows 10 Home' into Donde se busca version, user clicks on Donde se selecciona la version, user clicks on Donde se coloca el lenguaje, user enters 'Spanish' into Donde se busca el lenguaje, user clicks on Donde se selecciona el lenguaje, user clicks on Donde se coloca el movil, user enters 'Xiaomi' into Donde se busca el movil, user clicks on Donde se selecciona el movil, user clicks on Donde se coloca el modelo, user enters 'MI 9T' into Donde se busca el modelo, user clicks on Donde se selecciona el modelo, user clicks on Donde se coloca el sistema, user enters 'Android 10' into Donde se busca el sistema]]
[Test worker] WARN net.thucydides.core.steps.BaseStepListener - stepStarted: net.thucydides.core.steps.ExecutedStepDescription@7c62c709
[Test worker] WARN net.thucydides.core.steps.BaseStepListener - stepFinished: current outcome:Registro de datos:Given que un usuario quiere registrar sus datos en utest [User open up [user opens the Utest page], User boton registro [user clicks on boton que lleva al registro nuevo]], When el usuario registre sus datos [User registro [user enters 'Camilo' into Donde se escribe el nombre, user enters 'lopera' into Donde se escribe el apellido, user enters 'camilolopera1@gmail.com' into Donde se escribe el correo, user select August on Donde se selecciona el mes, user select 29 on Donde se selecciona el dia, user select 1997 on Donde se selecciona el AÃ‘o, user clicks on Donde se busca el idioma, user enters 'Spanish' into Donde se busca el idioma, user clicks on Donde se selecciona el idioma, user clicks on Boton siguiente formulario, user clicks on Donde se selecciona la ciudad, user enters '050015' into Donde se coloca el codigo postal, user clicks on Donde se coloca el pais, user enters 'Colombia' into Donde se busca el pais, user clicks on Donde se selecciona el pais, user clicks on Boton siguiente formulario, user clicks on Donde se coloca el sistema, user enters 'Windows' into Donde se busca el sistema, user clicks on Donde se selecciona el sistema, user clicks on Donde se coloca la version, user enters 'Windows 10 Home' into Donde se busca version, user clicks on Donde se selecciona la version, user clicks on Donde se coloca el lenguaje, user enters 'Spanish' into Donde se busca el lenguaje, user clicks on Donde se selecciona el lenguaje, user clicks on Donde se coloca el movil, user enters 'Xiaomi' into Donde se busca el movil, user clicks on Donde se selecciona el movil, user clicks on Donde se coloca el modelo, user enters 'MI 9T' into Donde se busca el modelo, user clicks on Donde se selecciona el modelo, user clicks on Donde se coloca el sistema, user enters 'Android 10' into Donde se busca el sistema, user clicks on Donde se selecciona el sistema]]
[Test worker] WARN net.thucydides.core.steps.BaseStepListener - stepStarted: net.thucydides.core.steps.ExecutedStepDescription@3e6c45ad
[Test worker] WARN net.thucydides.core.steps.BaseStepListener - stepFinished: current outcome:Registro de datos:Given que un usuario quiere registrar sus datos en utest [User open up [user opens the Utest page], User boton registro [user clicks on boton que lleva al registro nuevo]], When el usuario registre sus datos [User registro [user enters 'Camilo' into Donde se escribe el nombre, user enters 'lopera' into Donde se escribe el apellido, user enters 'camilolopera1@gmail.com' into Donde se escribe el correo, user select August on Donde se selecciona el mes, user select 29 on Donde se selecciona el dia, user select 1997 on Donde se selecciona el AÃ‘o, user clicks on Donde se busca el idioma, user enters 'Spanish' into Donde se busca el idioma, user clicks on Donde se selecciona el idioma, user clicks on Boton siguiente formulario, user clicks on Donde se selecciona la ciudad, user enters '050015' into Donde se coloca el codigo postal, user clicks on Donde se coloca el pais, user enters 'Colombia' into Donde se busca el pais, user clicks on Donde se selecciona el pais, user clicks on Boton siguiente formulario, user clicks on Donde se coloca el sistema, user enters 'Windows' into Donde se busca el sistema, user clicks on Donde se selecciona el sistema, user clicks on Donde se coloca la version, user enters 'Windows 10 Home' into Donde se busca version, user clicks on Donde se selecciona la version, user clicks on Donde se coloca el lenguaje, user enters 'Spanish' into Donde se busca el lenguaje, user clicks on Donde se selecciona el lenguaje, user clicks on Donde se coloca el movil, user enters 'Xiaomi' into Donde se busca el movil, user clicks on Donde se selecciona el movil, user clicks on Donde se coloca el modelo, user enters 'MI 9T' into Donde se busca el modelo, user clicks on Donde se selecciona el modelo, user clicks on Donde se coloca el sistema, user enters 'Android 10' into Donde se busca el sistema, user clicks on Donde se selecciona el sistema, user clicks on Boton siguiente formulario]]
[Test worker] WARN net.thucydides.core.steps.BaseStepListener - stepStarted: net.thucydides.core.steps.ExecutedStepDescription@44768576
[Test worker] WARN net.thucydides.core.steps.BaseStepListener - stepFinished: current outcome:Registro de datos:Given que un usuario quiere registrar sus datos en utest [User open up [user opens the Utest page], User boton registro [user clicks on boton que lleva al registro nuevo]], When el usuario registre sus datos [User registro [user enters 'Camilo' into Donde se escribe el nombre, user enters 'lopera' into Donde se escribe el apellido, user enters 'camilolopera1@gmail.com' into Donde se escribe el correo, user select August on Donde se selecciona el mes, user select 29 on Donde se selecciona el dia, user select 1997 on Donde se selecciona el AÃ‘o, user clicks on Donde se busca el idioma, user enters 'Spanish' into Donde se busca el idioma, user clicks on Donde se selecciona el idioma, user clicks on Boton siguiente formulario, user clicks on Donde se selecciona la ciudad, user enters '050015' into Donde se coloca el codigo postal, user clicks on Donde se coloca el pais, user enters 'Colombia' into Donde se busca el pais, user clicks on Donde se selecciona el pais, user clicks on Boton siguiente formulario, user clicks on Donde se coloca el sistema, user enters 'Windows' into Donde se busca el sistema, user clicks on Donde se selecciona el sistema, user clicks on Donde se coloca la version, user enters 'Windows 10 Home' into Donde se busca version, user clicks on Donde se selecciona la version, user clicks on Donde se coloca el lenguaje, user enters 'Spanish' into Donde se busca el lenguaje, user clicks on Donde se selecciona el lenguaje, user clicks on Donde se coloca el movil, user enters 'Xiaomi' into Donde se busca el movil, user clicks on Donde se selecciona el movil, user clicks on Donde se coloca el modelo, user enters 'MI 9T' into Donde se busca el modelo, user clicks on Donde se selecciona el modelo, user clicks on Donde se coloca el sistema, user enters 'Android 10' into Donde se busca el sistema, user clicks on Donde se selecciona el sistema, user clicks on Boton siguiente formulario, user enters 'A123789456a*' into Donde se ingresa la contraseÃ±a]]
[Test worker] WARN net.thucydides.core.steps.BaseStepListener - stepStarted: net.thucydides.core.steps.ExecutedStepDescription@499b9901
[Test worker] WARN net.thucydides.core.steps.BaseStepListener - stepFinished: current outcome:Registro de datos:Given que un usuario quiere registrar sus datos en utest [User open up [user opens the Utest page], User boton registro [user clicks on boton que lleva al registro nuevo]], When el usuario registre sus datos [User registro [user enters 'Camilo' into Donde se escribe el nombre, user enters 'lopera' into Donde se escribe el apellido, user enters 'camilolopera1@gmail.com' into Donde se escribe el correo, user select August on Donde se selecciona el mes, user select 29 on Donde se selecciona el dia, user select 1997 on Donde se selecciona el AÃ‘o, user clicks on Donde se busca el idioma, user enters 'Spanish' into Donde se busca el idioma, user clicks on Donde se selecciona el idioma, user clicks on Boton siguiente formulario, user clicks on Donde se selecciona la ciudad, user enters '050015' into Donde se coloca el codigo postal, user clicks on Donde se coloca el pais, user enters 'Colombia' into Donde se busca el pais, user clicks on Donde se selecciona el pais, user clicks on Boton siguiente formulario, user clicks on Donde se coloca el sistema, user enters 'Windows' into Donde se busca el sistema, user clicks on Donde se selecciona el sistema, user clicks on Donde se coloca la version, user enters 'Windows 10 Home' into Donde se busca version, user clicks on Donde se selecciona la version, user clicks on Donde se coloca el lenguaje, user enters 'Spanish' into Donde se busca el lenguaje, user clicks on Donde se selecciona el lenguaje, user clicks on Donde se coloca el movil, user enters 'Xiaomi' into Donde se busca el movil, user clicks on Donde se selecciona el movil, user clicks on Donde se coloca el modelo, user enters 'MI 9T' into Donde se busca el modelo, user clicks on Donde se selecciona el modelo, user clicks on Donde se coloca el sistema, user enters 'Android 10' into Donde se busca el sistema, user clicks on Donde se selecciona el sistema, user clicks on Boton siguiente formulario, user enters 'A123789456a*' into Donde se ingresa la contraseÃ±a, user enters 'A123789456a*' into Donde confirma la contraseÃ±a]]
[Test worker] WARN net.thucydides.core.steps.BaseStepListener - stepStarted: net.thucydides.core.steps.ExecutedStepDescription@2ac4922c
[Test worker] WARN net.thucydides.core.steps.BaseStepListener - stepFinished: current outcome:Registro de datos:Given que un usuario quiere registrar sus datos en utest [User open up [user opens the Utest page], User boton registro [user clicks on boton que lleva al registro nuevo]], When el usuario registre sus datos [User registro [user enters 'Camilo' into Donde se escribe el nombre, user enters 'lopera' into Donde se escribe el apellido, user enters 'camilolopera1@gmail.com' into Donde se escribe el correo, user select August on Donde se selecciona el mes, user select 29 on Donde se selecciona el dia, user select 1997 on Donde se selecciona el AÃ‘o, user clicks on Donde se busca el idioma, user enters 'Spanish' into Donde se busca el idioma, user clicks on Donde se selecciona el idioma, user clicks on Boton siguiente formulario, user clicks on Donde se selecciona la ciudad, user enters '050015' into Donde se coloca el codigo postal, user clicks on Donde se coloca el pais, user enters 'Colombia' into Donde se busca el pais, user clicks on Donde se selecciona el pais, user clicks on Boton siguiente formulario, user clicks on Donde se coloca el sistema, user enters 'Windows' into Donde se busca el sistema, user clicks on Donde se selecciona el sistema, user clicks on Donde se coloca la version, user enters 'Windows 10 Home' into Donde se busca version, user clicks on Donde se selecciona la version, user clicks on Donde se coloca el lenguaje, user enters 'Spanish' into Donde se busca el lenguaje, user clicks on Donde se selecciona el lenguaje, user clicks on Donde se coloca el movil, user enters 'Xiaomi' into Donde se busca el movil, user clicks on Donde se selecciona el movil, user clicks on Donde se coloca el modelo, user enters 'MI 9T' into Donde se busca el modelo, user clicks on Donde se selecciona el modelo, user clicks on Donde se coloca el sistema, user enters 'Android 10' into Donde se busca el sistema, user clicks on Donde se selecciona el sistema, user clicks on Boton siguiente formulario, user enters 'A123789456a*' into Donde se ingresa la contraseÃ±a, user enters 'A123789456a*' into Donde confirma la contraseÃ±a, user clicks on Donde se confirma recibir correos de informacion ]]
[Test worker] WARN net.thucydides.core.steps.BaseStepListener - stepStarted: net.thucydides.core.steps.ExecutedStepDescription@5df25a48
[Test worker] WARN net.thucydides.core.steps.BaseStepListener - stepFinished: current outcome:Registro de datos:Given que un usuario quiere registrar sus datos en utest [User open up [user opens the Utest page], User boton registro [user clicks on boton que lleva al registro nuevo]], When el usuario registre sus datos [User registro [user enters 'Camilo' into Donde se escribe el nombre, user enters 'lopera' into Donde se escribe el apellido, user enters 'camilolopera1@gmail.com' into Donde se escribe el correo, user select August on Donde se selecciona el mes, user select 29 on Donde se selecciona el dia, user select 1997 on Donde se selecciona el AÃ‘o, user clicks on Donde se busca el idioma, user enters 'Spanish' into Donde se busca el idioma, user clicks on Donde se selecciona el idioma, user clicks on Boton siguiente formulario, user clicks on Donde se selecciona la ciudad, user enters '050015' into Donde se coloca el codigo postal, user clicks on Donde se coloca el pais, user enters 'Colombia' into Donde se busca el pais, user clicks on Donde se selecciona el pais, user clicks on Boton siguiente formulario, user clicks on Donde se coloca el sistema, user enters 'Windows' into Donde se busca el sistema, user clicks on Donde se selecciona el sistema, user clicks on Donde se coloca la version, user enters 'Windows 10 Home' into Donde se busca version, user clicks on Donde se selecciona la version, user clicks on Donde se coloca el lenguaje, user enters 'Spanish' into Donde se busca el lenguaje, user clicks on Donde se selecciona el lenguaje, user clicks on Donde se coloca el movil, user enters 'Xiaomi' into Donde se busca el movil, user clicks on Donde se selecciona el movil, user clicks on Donde se coloca el modelo, user enters 'MI 9T' into Donde se busca el modelo, user clicks on Donde se selecciona el modelo, user clicks on Donde se coloca el sistema, user enters 'Android 10' into Donde se busca el sistema, user clicks on Donde se selecciona el sistema, user clicks on Boton siguiente formulario, user enters 'A123789456a*' into Donde se ingresa la contraseÃ±a, user enters 'A123789456a*' into Donde confirma la contraseÃ±a, user clicks on Donde se confirma recibir correos de informacion , user clicks on Donde se confirman los terminos]]
[Test worker] WARN net.thucydides.core.steps.BaseStepListener - stepStarted: net.thucydides.core.steps.ExecutedStepDescription@5ee5ee8a
[Test worker] WARN net.thucydides.core.steps.BaseStepListener - stepFinished: current outcome:Registro de datos:Given que un usuario quiere registrar sus datos en utest [User open up [user opens the Utest page], User boton registro [user clicks on boton que lleva al registro nuevo]], When el usuario registre sus datos [User registro [user enters 'Camilo' into Donde se escribe el nombre, user enters 'lopera' into Donde se escribe el apellido, user enters 'camilolopera1@gmail.com' into Donde se escribe el correo, user select August on Donde se selecciona el mes, user select 29 on Donde se selecciona el dia, user select 1997 on Donde se selecciona el AÃ‘o, user clicks on Donde se busca el idioma, user enters 'Spanish' into Donde se busca el idioma, user clicks on Donde se selecciona el idioma, user clicks on Boton siguiente formulario, user clicks on Donde se selecciona la ciudad, user enters '050015' into Donde se coloca el codigo postal, user clicks on Donde se coloca el pais, user enters 'Colombia' into Donde se busca el pais, user clicks on Donde se selecciona el pais, user clicks on Boton siguiente formulario, user clicks on Donde se coloca el sistema, user enters 'Windows' into Donde se busca el sistema, user clicks on Donde se selecciona el sistema, user clicks on Donde se coloca la version, user enters 'Windows 10 Home' into Donde se busca version, user clicks on Donde se selecciona la version, user clicks on Donde se coloca el lenguaje, user enters 'Spanish' into Donde se busca el lenguaje, user clicks on Donde se selecciona el lenguaje, user clicks on Donde se coloca el movil, user enters 'Xiaomi' into Donde se busca el movil, user clicks on Donde se selecciona el movil, user clicks on Donde se coloca el modelo, user enters 'MI 9T' into Donde se busca el modelo, user clicks on Donde se selecciona el modelo, user clicks on Donde se coloca el sistema, user enters 'Android 10' into Donde se busca el sistema, user clicks on Donde se selecciona el sistema, user clicks on Boton siguiente formulario, user enters 'A123789456a*' into Donde se ingresa la contraseÃ±a, user enters 'A123789456a*' into Donde confirma la contraseÃ±a, user clicks on Donde se confirma recibir correos de informacion , user clicks on Donde se confirman los terminos, user clicks on Donde confirman las politicas y privacidad]]
[Test worker] WARN net.thucydides.core.steps.BaseStepListener - stepStarted: net.thucydides.core.steps.ExecutedStepDescription@c520520
[Test worker] WARN net.thucydides.core.steps.BaseStepListener - stepFinished: current outcome:Registro de datos:Given que un usuario quiere registrar sus datos en utest [User open up [user opens the Utest page], User boton registro [user clicks on boton que lleva al registro nuevo]], When el usuario registre sus datos [User registro [user enters 'Camilo' into Donde se escribe el nombre, user enters 'lopera' into Donde se escribe el apellido, user enters 'camilolopera1@gmail.com' into Donde se escribe el correo, user select August on Donde se selecciona el mes, user select 29 on Donde se selecciona el dia, user select 1997 on Donde se selecciona el AÃ‘o, user clicks on Donde se busca el idioma, user enters 'Spanish' into Donde se busca el idioma, user clicks on Donde se selecciona el idioma, user clicks on Boton siguiente formulario, user clicks on Donde se selecciona la ciudad, user enters '050015' into Donde se coloca el codigo postal, user clicks on Donde se coloca el pais, user enters 'Colombia' into Donde se busca el pais, user clicks on Donde se selecciona el pais, user clicks on Boton siguiente formulario, user clicks on Donde se coloca el sistema, user enters 'Windows' into Donde se busca el sistema, user clicks on Donde se selecciona el sistema, user clicks on Donde se coloca la version, user enters 'Windows 10 Home' into Donde se busca version, user clicks on Donde se selecciona la version, user clicks on Donde se coloca el lenguaje, user enters 'Spanish' into Donde se busca el lenguaje, user clicks on Donde se selecciona el lenguaje, user clicks on Donde se coloca el movil, user enters 'Xiaomi' into Donde se busca el movil, user clicks on Donde se selecciona el movil, user clicks on Donde se coloca el modelo, user enters 'MI 9T' into Donde se busca el modelo, user clicks on Donde se selecciona el modelo, user clicks on Donde se coloca el sistema, user enters 'Android 10' into Donde se busca el sistema, user clicks on Donde se selecciona el sistema, user clicks on Boton siguiente formulario, user enters 'A123789456a*' into Donde se ingresa la contraseÃ±a, user enters 'A123789456a*' into Donde confirma la contraseÃ±a, user clicks on Donde se confirma recibir correos de informacion , user clicks on Donde se confirman los terminos, user clicks on Donde confirman las politicas y privacidad, user clicks on boton de registro de usuario]]
[Test worker] WARN net.thucydides.core.steps.BaseStepListener - stepFinished: current outcome:Registro de datos:Given que un usuario quiere registrar sus datos en utest [User open up [user opens the Utest page], User boton registro [user clicks on boton que lleva al registro nuevo]], When el usuario registre sus datos [User registro [user enters 'Camilo' into Donde se escribe el nombre, user enters 'lopera' into Donde se escribe el apellido, user enters 'camilolopera1@gmail.com' into Donde se escribe el correo, user select August on Donde se selecciona el mes, user select 29 on Donde se selecciona el dia, user select 1997 on Donde se selecciona el AÃ‘o, user clicks on Donde se busca el idioma, user enters 'Spanish' into Donde se busca el idioma, user clicks on Donde se selecciona el idioma, user clicks on Boton siguiente formulario, user clicks on Donde se selecciona la ciudad, user enters '050015' into Donde se coloca el codigo postal, user clicks on Donde se coloca el pais, user enters 'Colombia' into Donde se busca el pais, user clicks on Donde se selecciona el pais, user clicks on Boton siguiente formulario, user clicks on Donde se coloca el sistema, user enters 'Windows' into Donde se busca el sistema, user clicks on Donde se selecciona el sistema, user clicks on Donde se coloca la version, user enters 'Windows 10 Home' into Donde se busca version, user clicks on Donde se selecciona la version, user clicks on Donde se coloca el lenguaje, user enters 'Spanish' into Donde se busca el lenguaje, user clicks on Donde se selecciona el lenguaje, user clicks on Donde se coloca el movil, user enters 'Xiaomi' into Donde se busca el movil, user clicks on Donde se selecciona el movil, user clicks on Donde se coloca el modelo, user enters 'MI 9T' into Donde se busca el modelo, user clicks on Donde se selecciona el modelo, user clicks on Donde se coloca el sistema, user enters 'Android 10' into Donde se busca el sistema, user clicks on Donde se selecciona el sistema, user clicks on Boton siguiente formulario, user enters 'A123789456a*' into Donde se ingresa la contraseÃ±a, user enters 'A123789456a*' into Donde confirma la contraseÃ±a, user clicks on Donde se confirma recibir correos de informacion , user clicks on Donde se confirman los terminos, user clicks on Donde confirman las politicas y privacidad, user clicks on boton de registro de usuario]]
[Test worker] WARN net.thucydides.core.steps.BaseStepListener - stepFinished: current outcome:Registro de datos:Given que un usuario quiere registrar sus datos en utest [User open up [user opens the Utest page], User boton registro [user clicks on boton que lleva al registro nuevo]], When el usuario registre sus datos [User registro [user enters 'Camilo' into Donde se escribe el nombre, user enters 'lopera' into Donde se escribe el apellido, user enters 'camilolopera1@gmail.com' into Donde se escribe el correo, user select August on Donde se selecciona el mes, user select 29 on Donde se selecciona el dia, user select 1997 on Donde se selecciona el AÃ‘o, user clicks on Donde se busca el idioma, user enters 'Spanish' into Donde se busca el idioma, user clicks on Donde se selecciona el idioma, user clicks on Boton siguiente formulario, user clicks on Donde se selecciona la ciudad, user enters '050015' into Donde se coloca el codigo postal, user clicks on Donde se coloca el pais, user enters 'Colombia' into Donde se busca el pais, user clicks on Donde se selecciona el pais, user clicks on Boton siguiente formulario, user clicks on Donde se coloca el sistema, user enters 'Windows' into Donde se busca el sistema, user clicks on Donde se selecciona el sistema, user clicks on Donde se coloca la version, user enters 'Windows 10 Home' into Donde se busca version, user clicks on Donde se selecciona la version, user clicks on Donde se coloca el lenguaje, user enters 'Spanish' into Donde se busca el lenguaje, user clicks on Donde se selecciona el lenguaje, user clicks on Donde se coloca el movil, user enters 'Xiaomi' into Donde se busca el movil, user clicks on Donde se selecciona el movil, user clicks on Donde se coloca el modelo, user enters 'MI 9T' into Donde se busca el modelo, user clicks on Donde se selecciona el modelo, user clicks on Donde se coloca el sistema, user enters 'Android 10' into Donde se busca el sistema, user clicks on Donde se selecciona el sistema, user clicks on Boton siguiente formulario, user enters 'A123789456a*' into Donde se ingresa la contraseÃ±a, user enters 'A123789456a*' into Donde confirma la contraseÃ±a, user clicks on Donde se confirma recibir correos de informacion , user clicks on Donde se confirman los terminos, user clicks on Donde confirman las politicas y privacidad, user clicks on boton de registro de usuario]]
[Test worker] WARN net.thucydides.core.steps.BaseStepListener - stepStarted: net.thucydides.core.steps.ExecutedStepDescription@3b71ffa
[Test worker] WARN net.thucydides.core.steps.BaseStepListener - stepStarted: net.thucydides.core.steps.ExecutedStepDescription@71f3dfdf
[Test worker] WARN net.thucydides.core.steps.BaseStepListener - testFinished: Registro de datos:Given que un usuario quiere registrar sus datos en utest [User open up [user opens the Utest page], User boton registro [user clicks on boton que lleva al registro nuevo]], When el usuario registre sus datos [User registro [user enters 'Camilo' into Donde se escribe el nombre, user enters 'lopera' into Donde se escribe el apellido, user enters 'camilolopera1@gmail.com' into Donde se escribe el correo, user select August on Donde se selecciona el mes, user select 29 on Donde se selecciona el dia, user select 1997 on Donde se selecciona el AÃ‘o, user clicks on Donde se busca el idioma, user enters 'Spanish' into Donde se busca el idioma, user clicks on Donde se selecciona el idioma, user clicks on Boton siguiente formulario, user clicks on Donde se selecciona la ciudad, user enters '050015' into Donde se coloca el codigo postal, user clicks on Donde se coloca el pais, user enters 'Colombia' into Donde se busca el pais, user clicks on Donde se selecciona el pais, user clicks on Boton siguiente formulario, user clicks on Donde se coloca el sistema, user enters 'Windows' into Donde se busca el sistema, user clicks on Donde se selecciona el sistema, user clicks on Donde se coloca la version, user enters 'Windows 10 Home' into Donde se busca version, user clicks on Donde se selecciona la version, user clicks on Donde se coloca el lenguaje, user enters 'Spanish' into Donde se busca el lenguaje, user clicks on Donde se selecciona el lenguaje, user clicks on Donde se coloca el movil, user enters 'Xiaomi' into Donde se busca el movil, user clicks on Donde se selecciona el movil, user clicks on Donde se coloca el modelo, user enters 'MI 9T' into Donde se busca el modelo, user clicks on Donde se selecciona el modelo, user clicks on Donde se coloca el sistema, user enters 'Android 10' into Donde se busca el sistema, user clicks on Donde se selecciona el sistema, user clicks on Boton siguiente formulario, user enters 'A123789456a*' into Donde se ingresa la contraseÃ±a, user enters 'A123789456a*' into Donde confirma la contraseÃ±a, user clicks on Donde se confirma recibir correos de informacion , user clicks on Donde se confirman los terminos, user clicks on Donde confirman las politicas y privacidad, user clicks on boton de registro de usuario]], Then registro sus datos https://www.utest.com/welcome?from=signup [Then answer]
[Test worker] WARN net.thucydides.core.steps.BaseStepListener - TestOutcomes: [Registro de datos:Given que un usuario quiere registrar sus datos en utest [User open up [user opens the Utest page], User boton registro [user clicks on boton que lleva al registro nuevo]], When el usuario registre sus datos [User registro [user enters 'Camilo' into Donde se escribe el nombre, user enters 'lopera' into Donde se escribe el apellido, user enters 'camilolopera1@gmail.com' into Donde se escribe el correo, user select August on Donde se selecciona el mes, user select 29 on Donde se selecciona el dia, user select 1997 on Donde se selecciona el AÃ‘o, user clicks on Donde se busca el idioma, user enters 'Spanish' into Donde se busca el idioma, user clicks on Donde se selecciona el idioma, user clicks on Boton siguiente formulario, user clicks on Donde se selecciona la ciudad, user enters '050015' into Donde se coloca el codigo postal, user clicks on Donde se coloca el pais, user enters 'Colombia' into Donde se busca el pais, user clicks on Donde se selecciona el pais, user clicks on Boton siguiente formulario, user clicks on Donde se coloca el sistema, user enters 'Windows' into Donde se busca el sistema, user clicks on Donde se selecciona el sistema, user clicks on Donde se coloca la version, user enters 'Windows 10 Home' into Donde se busca version, user clicks on Donde se selecciona la version, user clicks on Donde se coloca el lenguaje, user enters 'Spanish' into Donde se busca el lenguaje, user clicks on Donde se selecciona el lenguaje, user clicks on Donde se coloca el movil, user enters 'Xiaomi' into Donde se busca el movil, user clicks on Donde se selecciona el movil, user clicks on Donde se coloca el modelo, user enters 'MI 9T' into Donde se busca el modelo, user clicks on Donde se selecciona el modelo, user clicks on Donde se coloca el sistema, user enters 'Android 10' into Donde se busca el sistema, user clicks on Donde se selecciona el sistema, user clicks on Boton siguiente formulario, user enters 'A123789456a*' into Donde se ingresa la contraseÃ±a, user enters 'A123789456a*' into Donde confirma la contraseÃ±a, user clicks on Donde se confirma recibir correos de informacion , user clicks on Donde se confirman los terminos, user clicks on Donde confirman las politicas y privacidad, user clicks on boton de registro de usuario]], Then registro sus datos https://www.utest.com/welcome?from=signup [Then answer]]
[Test worker] WARN net.thucydides.core.steps.BaseStepListener - Final testOutcomes: [Registro de datos:Given que un usuario quiere registrar sus datos en utest [User open up [user opens the Utest page], User boton registro [user clicks on boton que lleva al registro nuevo]], When el usuario registre sus datos [User registro [user enters 'Camilo' into Donde se escribe el nombre, user enters 'lopera' into Donde se escribe el apellido, user enters 'camilolopera1@gmail.com' into Donde se escribe el correo, user select August on Donde se selecciona el mes, user select 29 on Donde se selecciona el dia, user select 1997 on Donde se selecciona el AÃ‘o, user clicks on Donde se busca el idioma, user enters 'Spanish' into Donde se busca el idioma, user clicks on Donde se selecciona el idioma, user clicks on Boton siguiente formulario, user clicks on Donde se selecciona la ciudad, user enters '050015' into Donde se coloca el codigo postal, user clicks on Donde se coloca el pais, user enters 'Colombia' into Donde se busca el pais, user clicks on Donde se selecciona el pais, user clicks on Boton siguiente formulario, user clicks on Donde se coloca el sistema, user enters 'Windows' into Donde se busca el sistema, user clicks on Donde se selecciona el sistema, user clicks on Donde se coloca la version, user enters 'Windows 10 Home' into Donde se busca version, user clicks on Donde se selecciona la version, user clicks on Donde se coloca el lenguaje, user enters 'Spanish' into Donde se busca el lenguaje, user clicks on Donde se selecciona el lenguaje, user clicks on Donde se coloca el movil, user enters 'Xiaomi' into Donde se busca el movil, user clicks on Donde se selecciona el movil, user clicks on Donde se coloca el modelo, user enters 'MI 9T' into Donde se busca el modelo, user clicks on Donde se selecciona el modelo, user clicks on Donde se coloca el sistema, user enters 'Android 10' into Donde se busca el sistema, user clicks on Donde se selecciona el sistema, user clicks on Boton siguiente formulario, user enters 'A123789456a*' into Donde se ingresa la contraseÃ±a, user enters 'A123789456a*' into Donde confirma la contraseÃ±a, user clicks on Donde se confirma recibir correos de informacion , user clicks on Donde se confirman los terminos, user clicks on Donde confirman las politicas y privacidad, user clicks on boton de registro de usuario]], Then registro sus datos https://www.utest.com/welcome?from=signup [Then answer]]
[Test worker] ERROR net.thucydides.core.steps.ConsoleLoggingListener - 
           __  _____ _____ ____ _____   _____ _    ___ _     _____ ____  
  _       / / |_   _| ____/ ___|_   _| |  ___/ \  |_ _| |   | ____|  _ \ 
 (_)_____| |    | | |  _| \___ \ | |   | |_ / _ \  | || |   |  _| | | | |
  _|_____| |    | | | |___ ___) || |   |  _/ ___ \ | || |___| |___| |_| |
 (_)     | |    |_| |_____|____/ |_|   |_|/_/   \_\___|_____|_____|____/ 
          \_\                                                            

TEST FAILED WITH ERROR: Registro de datos
---------------------------------------------------------------------
[Test worker] ERROR net.thucydides.core.steps.ConsoleLoggingListener - TEST FAILED AT STEP Then answer
[Test worker] ERROR net.thucydides.core.steps.ConsoleLoggingListener - no such element: Unable to locate element: {"method":"xpath","selector":"//a[contains(@href, 'https://www.utest.com/welcome?from=signup')]"}
]]></system-err>
</testsuite>
